<?xml version="1.0" encoding="UTF-8"?>
<testng-results ignored="0" total="1" passed="0" failed="1" skipped="0">
  <reporter-output>
  </reporter-output>
  <suite started-at="2024-10-13T00:05:32 EET" name="Default suite" finished-at="2024-10-13T00:06:23 EET" duration-ms="51408">
    <groups>
    </groups>
    <test started-at="2024-10-13T00:05:32 EET" name="Default test" finished-at="2024-10-13T00:06:23 EET" duration-ms="51408">
      <class name="test.validateSubscription">
        <test-method is-config="true" signature="openBrowser()[pri:0, instance:test.validateSubscription@318ba8c8]" started-at="2024-10-13T00:05:32 EET" name="openBrowser" finished-at="2024-10-13T00:06:23 EET" duration-ms="51209" status="PASS">
          <reporter-output>
          </reporter-output>
        </test-method> <!-- openBrowser -->
        <test-method signature="validateSubscriptionDetails()[pri:0, instance:test.validateSubscription@318ba8c8]" started-at="2024-10-13T00:06:23 EET" name="validateSubscriptionDetails" description="validate subscription type, price and currency for each available countries" finished-at="2024-10-13T00:06:23 EET" duration-ms="37" status="FAIL">
          <exception class="org.openqa.selenium.NoSuchWindowException">
            <message>
              <![CDATA[no such window: target window already closed
from unknown error: web view not found
  (Session info: chrome=129.0.6668.101)
Build info: version: '4.25.0', revision: '8a8aea2337'
System info: os.name: 'Mac OS X', os.arch: 'aarch64', os.version: '15.0.1', java.version: '21.0.1'
Driver info: org.openqa.selenium.chrome.ChromeDriver
Command: [175a0c55827aa06b43ba2bc94d51c178, findElement {value=country-name, using=id}]
Capabilities {acceptInsecureCerts: false, browserName: chrome, browserVersion: 129.0.6668.101, chrome: {chromedriverVersion: 129.0.6668.100 (cf58cba358d..., userDataDir: /var/folders/t_/y424hby14c7...}, fedcm:accounts: true, goog:chromeOptions: {debuggerAddress: localhost:57340}, networkConnectionEnabled: false, pageLoadStrategy: normal, platformName: mac, proxy: Proxy(), se:cdp: ws://localhost:57340/devtoo..., se:cdpVersion: 129.0.6668.101, setWindowRect: true, strictFileInteractability: false, timeouts: {implicit: 0, pageLoad: 300000, script: 30000}, unhandledPromptBehavior: dismiss and notify, webauthn:extension:credBlob: true, webauthn:extension:largeBlob: true, webauthn:extension:minPinLength: true, webauthn:extension:prf: true, webauthn:virtualAuthenticators: true}
Session ID: 175a0c55827aa06b43ba2bc94d51c178]]>
            </message>
            <full-stacktrace>
              <![CDATA[org.openqa.selenium.NoSuchWindowException: no such window: target window already closed
from unknown error: web view not found
  (Session info: chrome=129.0.6668.101)
Build info: version: '4.25.0', revision: '8a8aea2337'
System info: os.name: 'Mac OS X', os.arch: 'aarch64', os.version: '15.0.1', java.version: '21.0.1'
Driver info: org.openqa.selenium.chrome.ChromeDriver
Command: [175a0c55827aa06b43ba2bc94d51c178, findElement {value=country-name, using=id}]
Capabilities {acceptInsecureCerts: false, browserName: chrome, browserVersion: 129.0.6668.101, chrome: {chromedriverVersion: 129.0.6668.100 (cf58cba358d..., userDataDir: /var/folders/t_/y424hby14c7...}, fedcm:accounts: true, goog:chromeOptions: {debuggerAddress: localhost:57340}, networkConnectionEnabled: false, pageLoadStrategy: normal, platformName: mac, proxy: Proxy(), se:cdp: ws://localhost:57340/devtoo..., se:cdpVersion: 129.0.6668.101, setWindowRect: true, strictFileInteractability: false, timeouts: {implicit: 0, pageLoad: 300000, script: 30000}, unhandledPromptBehavior: dismiss and notify, webauthn:extension:credBlob: true, webauthn:extension:largeBlob: true, webauthn:extension:minPinLength: true, webauthn:extension:prf: true, webauthn:virtualAuthenticators: true}
Session ID: 175a0c55827aa06b43ba2bc94d51c178
at java.base/jdk.internal.reflect.DirectConstructorHandleAccessor.newInstance(DirectConstructorHandleAccessor.java:62)
at java.base/java.lang.reflect.Constructor.newInstanceWithCaller(Constructor.java:502)
at java.base/java.lang.reflect.Constructor.newInstance(Constructor.java:486)
at org.openqa.selenium.remote.ErrorCodec.decode(ErrorCodec.java:167)
at org.openqa.selenium.remote.codec.w3c.W3CHttpResponseCodec.decode(W3CHttpResponseCodec.java:138)
at org.openqa.selenium.remote.codec.w3c.W3CHttpResponseCodec.decode(W3CHttpResponseCodec.java:50)
at org.openqa.selenium.remote.HttpCommandExecutor.execute(HttpCommandExecutor.java:190)
at org.openqa.selenium.remote.service.DriverCommandExecutor.invokeExecute(DriverCommandExecutor.java:216)
at org.openqa.selenium.remote.service.DriverCommandExecutor.execute(DriverCommandExecutor.java:174)
at org.openqa.selenium.remote.RemoteWebDriver.execute(RemoteWebDriver.java:545)
at org.openqa.selenium.remote.ElementLocation$ElementFinder$2.findElement(ElementLocation.java:165)
at org.openqa.selenium.remote.ElementLocation.findElement(ElementLocation.java:66)
at org.openqa.selenium.remote.RemoteWebDriver.findElement(RemoteWebDriver.java:368)
at org.openqa.selenium.remote.RemoteWebDriver.findElement(RemoteWebDriver.java:362)
at test.validateSubscription.validateSubscriptionDetails(validateSubscription.java:34)
at java.base/jdk.internal.reflect.DirectMethodHandleAccessor.invoke(DirectMethodHandleAccessor.java:103)
at java.base/java.lang.reflect.Method.invoke(Method.java:580)
at org.testng.internal.MethodInvocationHelper.invokeMethod(MethodInvocationHelper.java:133)
at org.testng.internal.TestInvoker.invokeMethod(TestInvoker.java:598)
at org.testng.internal.TestInvoker.invokeTestMethod(TestInvoker.java:173)
at org.testng.internal.MethodRunner.runInSequence(MethodRunner.java:46)
at org.testng.internal.TestInvoker$MethodInvocationAgent.invoke(TestInvoker.java:824)
at org.testng.internal.TestInvoker.invokeTestMethods(TestInvoker.java:146)
at org.testng.internal.TestMethodWorker.invokeTestMethods(TestMethodWorker.java:146)
at org.testng.internal.TestMethodWorker.run(TestMethodWorker.java:128)
at java.base/java.util.ArrayList.forEach(ArrayList.java:1596)
at org.testng.TestRunner.privateRun(TestRunner.java:794)
at org.testng.TestRunner.run(TestRunner.java:596)
at org.testng.SuiteRunner.runTest(SuiteRunner.java:377)
at org.testng.SuiteRunner.runSequentially(SuiteRunner.java:371)
at org.testng.SuiteRunner.privateRun(SuiteRunner.java:332)
at org.testng.SuiteRunner.run(SuiteRunner.java:276)
at org.testng.SuiteRunnerWorker.runSuite(SuiteRunnerWorker.java:53)
at org.testng.SuiteRunnerWorker.run(SuiteRunnerWorker.java:96)
at org.testng.TestNG.runSuitesSequentially(TestNG.java:1212)
at org.testng.TestNG.runSuitesLocally(TestNG.java:1134)
at org.testng.TestNG.runSuites(TestNG.java:1063)
at org.testng.TestNG.run(TestNG.java:1031)
at org.testng.remote.AbstractRemoteTestNG.run(AbstractRemoteTestNG.java:115)
at org.testng.remote.RemoteTestNG.initAndRun(RemoteTestNG.java:293)
at org.testng.remote.RemoteTestNG.main(RemoteTestNG.java:91)
]]>
            </full-stacktrace>
          </exception> <!-- org.openqa.selenium.NoSuchWindowException -->
          <reporter-output>
          </reporter-output>
        </test-method> <!-- validateSubscriptionDetails -->
        <test-method is-config="true" signature="afterClass()[pri:0, instance:test.validateSubscription@318ba8c8]" started-at="2024-10-13T00:06:23 EET" name="afterClass" finished-at="2024-10-13T00:06:23 EET" duration-ms="127" status="PASS">
          <reporter-output>
          </reporter-output>
        </test-method> <!-- afterClass -->
      </class> <!-- test.validateSubscription -->
    </test> <!-- Default test -->
  </suite> <!-- Default suite -->
</testng-results>
